<?xml version="1.0" encoding="UTF-8"?>
<!-- Generated by org.testng.reporters.JUnitXMLReporter -->
<testsuite ignored="0" hostname="DESKTOP-GVDQQI5" failures="0" tests="3" name="Test" time="115.604" errors="0" timestamp="2025-06-06T00:46:30 IST">
  <testcase classname="deel_automation.tests.SalaryInsightTests" name="testAccountantInBrazil" time="37.386"/>
  <testcase classname="deel_automation.tests.SalaryInsightTests" name="testEngineerInCanada" time="36.757"/>
  <testcase classname="deel_automation.tests.SalaryInsightTests" name="testSoftwareEngineerInJapan" time="36.991"/>
</testsuite> <!-- Test -->
