<?xml version="1.0" encoding="UTF-8"?>
<!-- Generated by org.testng.reporters.JUnitXMLReporter -->
<testsuite ignored="3" hostname="SAIFUDHEENs-MacBook-Air.local" failures="0" tests="2" name="Default test" time="56.127" errors="0" timestamp="2025-06-19T15:16:16 GST">
  <testcase classname="deel_automation.tests.SalaryInsightTests" name="testAccountantInBrazil" time="38.65"/>
  <testcase classname="deel_automation.tests.SalaryInsightTests" name="validatefilter" time="12.8"/>
  <testcase classname="deel_automation.tests.SalaryInsightTests" name="testSoftwareEngineerInJapan" time="0.0">
    <ignored/>
  </testcase> <!-- testSoftwareEngineerInJapan -->
  <testcase classname="deel_automation.tests.SalaryInsightTests" name="testEngineerInCanada" time="0.0">
    <ignored/>
  </testcase> <!-- testEngineerInCanada -->
  <testcase classname="deel_automation.tests.SalaryInsightTests" name="validatedropdown" time="0.0">
    <ignored/>
  </testcase> <!-- validatedropdown -->
</testsuite> <!-- Default test -->
