<?xml version="1.0" encoding="UTF-8"?>
<!-- Generated by org.testng.reporters.JUnitXMLReporter -->
<testsuite ignored="0" hostname="DESKTOP-GVDQQI5" failures="0" tests="3" name="Test" time="126.203" errors="0" timestamp="05 Jun 2025 18:27:58 GMT">
  <testcase classname="deel_automation.tests.SalaryInsightTests" name="testAccountantInBrazil" time="35.804"/>
  <testcase classname="deel_automation.tests.SalaryInsightTests" name="testEngineerInCanada" time="34.665"/>
  <testcase classname="deel_automation.tests.SalaryInsightTests" name="testSoftwareEngineerInJapan" time="34.907"/>
</testsuite> <!-- Test -->
