<?xml version="1.0" encoding="UTF-8"?>
<!-- Generated by org.testng.reporters.JUnitXMLReporter -->
<testsuite ignored="0" hostname="DESKTOP-GVDQQI5" failures="0" tests="3" name="Command line test" time="124.526" errors="0" timestamp="2025-06-06T00:55:17 IST">
  <testcase classname="deel_automation.tests.SalaryInsightTests" name="testAccountantInBrazil" time="40.346"/>
  <testcase classname="deel_automation.tests.SalaryInsightTests" name="testEngineerInCanada" time="39.84"/>
  <testcase classname="deel_automation.tests.SalaryInsightTests" name="testSoftwareEngineerInJapan" time="40.065"/>
</testsuite> <!-- Command line test -->
